<?xml version="1.0" encoding="UTF-8"?>
<!-- Generated by org.testng.reporters.JUnitReportReporter -->
<testsuite hostname="ChiranthR" failures="0" tests="5" name="testtPage.TC003_DataDrivenAccountLoginTest" time="39.294" errors="0" timestamp="2024-09-30T23:51:13 IST" skipped="0">
  <testcase classname="testtPage.TC003_DataDrivenAccountLoginTest" name="Verify_LoginDDT" time="11.820"/>
  <testcase classname="testtPage.TC003_DataDrivenAccountLoginTest" name="Verify_LoginDDT" time="2.712"/>
  <testcase classname="testtPage.TC003_DataDrivenAccountLoginTest" name="Verify_LoginDDT" time="2.114"/>
  <testcase classname="testtPage.TC003_DataDrivenAccountLoginTest" name="Verify_LoginDDT" time="11.594"/>
  <testcase classname="testtPage.TC003_DataDrivenAccountLoginTest" name="Verify_LoginDDT" time="11.054"/>
</testsuite> <!-- testtPage.TC003_DataDrivenAccountLoginTest -->
