<?xml version="1.0" encoding="UTF-8"?>
<!-- Generated by org.testng.reporters.JUnitReportReporter -->
<testsuite hostname="ChiranthR" failures="0" tests="1" name="testtPage.TC001_AccountRegistrartionTest" time="2.293" errors="0" timestamp="2024-10-01T14:21:09 IST" skipped="0">
  <testcase classname="testtPage.TC001_AccountRegistrartionTest" name="verify_Account_Registration" time="2.293"/>
</testsuite> <!-- testtPage.TC001_AccountRegistrartionTest -->
