<?xml version="1.0" encoding="UTF-8"?>
<!-- Generated by org.testng.reporters.JUnitReportReporter -->
<testsuite hostname="ChiranthR" failures="0" tests="1" name="testtPage.TC001_AccountRegistrartionTest" time="2.095" errors="0" timestamp="2024-10-01T20:21:42 IST" skipped="0">
  <testcase classname="testtPage.TC001_AccountRegistrartionTest" name="verify_Account_Registration" time="2.095"/>
</testsuite> <!-- testtPage.TC001_AccountRegistrartionTest -->
