<?xml version="1.0" encoding="UTF-8"?>
<!-- Generated by org.testng.reporters.JUnitReportReporter -->
<testsuite hostname="ChiranthR" failures="0" tests="1" name="testtPage.TC002_AccountLoginTest" time="1.566" errors="0" timestamp="2024-10-01T20:21:42 IST" skipped="0">
  <testcase classname="testtPage.TC002_AccountLoginTest" name="LogintoAccount" time="1.566"/>
</testsuite> <!-- testtPage.TC002_AccountLoginTest -->
